{"name":"hexo","hostname":"liuqinh2ss-MBP.lan","pid":5531,"level":20,"msg":"Hexo version: \u001b[35m3.7.1\u001b[39m","time":"2018-04-19T07:34:08.789Z","v":0}
{"name":"hexo","hostname":"liuqinh2ss-MBP.lan","pid":5531,"level":20,"msg":"Working directory: \u001b[35m~/blog/\u001b[39m","time":"2018-04-19T07:34:08.792Z","v":0}
{"name":"hexo","hostname":"liuqinh2ss-MBP.lan","pid":5531,"level":20,"msg":"Config loaded: \u001b[35m~/blog/_config.yml\u001b[39m","time":"2018-04-19T07:34:08.855Z","v":0}
{"name":"hexo","hostname":"liuqinh2ss-MBP.lan","pid":5531,"level":20,"msg":"Plugin loaded: \u001b[35mhexo-deployer-git\u001b[39m","time":"2018-04-19T07:34:08.882Z","v":0}
{"name":"hexo","hostname":"liuqinh2ss-MBP.lan","pid":5531,"level":20,"msg":"Plugin loaded: \u001b[35mhexo-generator-archive\u001b[39m","time":"2018-04-19T07:34:08.884Z","v":0}
{"name":"hexo","hostname":"liuqinh2ss-MBP.lan","pid":5531,"level":20,"msg":"Plugin loaded: \u001b[35mhexo-generator-category\u001b[39m","time":"2018-04-19T07:34:08.886Z","v":0}
{"name":"hexo","hostname":"liuqinh2ss-MBP.lan","pid":5531,"level":20,"msg":"Plugin loaded: \u001b[35mhexo-generator-feed\u001b[39m","time":"2018-04-19T07:34:08.888Z","v":0}
{"name":"hexo","hostname":"liuqinh2ss-MBP.lan","pid":5531,"level":20,"msg":"Plugin loaded: \u001b[35mhexo-generator-index\u001b[39m","time":"2018-04-19T07:34:08.889Z","v":0}
{"name":"hexo","hostname":"liuqinh2ss-MBP.lan","pid":5531,"level":20,"msg":"Plugin loaded: \u001b[35mhexo-generator-search\u001b[39m","time":"2018-04-19T07:34:08.890Z","v":0}
{"name":"hexo","hostname":"liuqinh2ss-MBP.lan","pid":5531,"level":20,"msg":"Plugin loaded: \u001b[35mhexo-generator-searchdb\u001b[39m","time":"2018-04-19T07:34:08.893Z","v":0}
{"name":"hexo","hostname":"liuqinh2ss-MBP.lan","pid":5531,"level":20,"msg":"Plugin loaded: \u001b[35mhexo-generator-seo-friendly-sitemap\u001b[39m","time":"2018-04-19T07:34:08.919Z","v":0}
{"name":"hexo","hostname":"liuqinh2ss-MBP.lan","pid":5531,"level":20,"msg":"Plugin loaded: \u001b[35mhexo-generator-tag\u001b[39m","time":"2018-04-19T07:34:08.920Z","v":0}
{"name":"hexo","hostname":"liuqinh2ss-MBP.lan","pid":5531,"level":20,"msg":"Plugin loaded: \u001b[35mhexo-renderer-ejs\u001b[39m","time":"2018-04-19T07:34:08.922Z","v":0}
{"name":"hexo","hostname":"liuqinh2ss-MBP.lan","pid":5531,"level":20,"msg":"Plugin loaded: \u001b[35mhexo-renderer-marked\u001b[39m","time":"2018-04-19T07:34:08.925Z","v":0}
{"name":"hexo","hostname":"liuqinh2ss-MBP.lan","pid":5531,"level":20,"msg":"Plugin loaded: \u001b[35mhexo-renderer-stylus\u001b[39m","time":"2018-04-19T07:34:08.926Z","v":0}
{"name":"hexo","hostname":"liuqinh2ss-MBP.lan","pid":5531,"level":20,"msg":"Plugin loaded: \u001b[35mhexo-server\u001b[39m","time":"2018-04-19T07:34:08.984Z","v":0}
{"name":"hexo","hostname":"liuqinh2ss-MBP.lan","pid":5531,"level":20,"msg":"Script loaded: \u001b[35mthemes/next/scripts/merge-configs.js\u001b[39m","time":"2018-04-19T07:34:08.991Z","v":0}
{"name":"hexo","hostname":"liuqinh2ss-MBP.lan","pid":5531,"level":20,"msg":"Script loaded: \u001b[35mthemes/next/scripts/tags/button.js\u001b[39m","time":"2018-04-19T07:34:08.991Z","v":0}
{"name":"hexo","hostname":"liuqinh2ss-MBP.lan","pid":5531,"level":20,"msg":"Script loaded: \u001b[35mthemes/next/scripts/merge.js\u001b[39m","time":"2018-04-19T07:34:08.993Z","v":0}
{"name":"hexo","hostname":"liuqinh2ss-MBP.lan","pid":5531,"level":20,"msg":"Script loaded: \u001b[35mthemes/next/scripts/tags/center-quote.js\u001b[39m","time":"2018-04-19T07:34:08.993Z","v":0}
{"name":"hexo","hostname":"liuqinh2ss-MBP.lan","pid":5531,"level":20,"msg":"Script loaded: \u001b[35mthemes/next/scripts/tags/exturl.js\u001b[39m","time":"2018-04-19T07:34:08.994Z","v":0}
{"name":"hexo","hostname":"liuqinh2ss-MBP.lan","pid":5531,"level":20,"msg":"Script loaded: \u001b[35mthemes/next/scripts/tags/full-image.js\u001b[39m","time":"2018-04-19T07:34:08.994Z","v":0}
{"name":"hexo","hostname":"liuqinh2ss-MBP.lan","pid":5531,"level":20,"msg":"Script loaded: \u001b[35mthemes/next/scripts/tags/group-pictures.js\u001b[39m","time":"2018-04-19T07:34:08.995Z","v":0}
{"name":"hexo","hostname":"liuqinh2ss-MBP.lan","pid":5531,"level":20,"msg":"Script loaded: \u001b[35mthemes/next/scripts/tags/label.js\u001b[39m","time":"2018-04-19T07:34:08.995Z","v":0}
{"name":"hexo","hostname":"liuqinh2ss-MBP.lan","pid":5531,"level":20,"msg":"Script loaded: \u001b[35mthemes/next/scripts/tags/lazy-image.js\u001b[39m","time":"2018-04-19T07:34:08.995Z","v":0}
{"name":"hexo","hostname":"liuqinh2ss-MBP.lan","pid":5531,"level":20,"msg":"Script loaded: \u001b[35mthemes/next/scripts/tags/note.js\u001b[39m","time":"2018-04-19T07:34:08.995Z","v":0}
{"name":"hexo","hostname":"liuqinh2ss-MBP.lan","pid":5531,"level":20,"msg":"Script loaded: \u001b[35mthemes/next/scripts/tags/tabs.js\u001b[39m","time":"2018-04-19T07:34:08.996Z","v":0}
{"name":"hexo","hostname":"liuqinh2ss-MBP.lan","pid":5531,"level":20,"msg":"Database saved","time":"2018-04-19T07:34:08.999Z","v":0}
